g:\project\priorcourse\pcourse\project-exchangerate\debug\vc142.pdb
g:\project\priorcourse\pcourse\project-exchangerate\debug\vc142.idb
g:\project\priorcourse\pcourse\project-exchangerate\debug\myfun.obj
g:\project\priorcourse\pcourse\project-exchangerate\debug\main.obj
g:\project\priorcourse\pcourse\project-exchangerate\debug\crateslist.obj
g:\project\priorcourse\pcourse\project-exchangerate\debug\drawbase.obj
g:\project\priorcourse\pcourse\project-exchangerate\debug\draw.obj
g:\project\priorcourse\pcourse\project-exchangerate\debug\cpicturebox.obj
g:\project\priorcourse\pcourse\project-exchangerate\debug\picbase.obj
g:\project\priorcourse\pcourse\project-exchangerate\debug\ctextbox.obj
g:\project\priorcourse\pcourse\project-exchangerate\debug\mainbase.obj
g:\project\priorcourse\pcourse\project-exchangerate\debug\cbox.obj
c:\users\flag0\desktop\project-exchangerate\debug\vc142.pdb
c:\users\flag0\desktop\project-exchangerate\debug\vc142.idb
c:\users\flag0\desktop\project-exchangerate\debug\picbase.obj
c:\users\flag0\desktop\project-exchangerate\debug\mainbase.obj
c:\users\flag0\desktop\project-exchangerate\debug\drawbase.obj
c:\users\flag0\desktop\project-exchangerate\debug\main.obj
c:\users\flag0\desktop\project-exchangerate\debug\draw.obj
c:\users\flag0\desktop\project-exchangerate\debug\ctextbox.obj
c:\users\flag0\desktop\project-exchangerate\debug\crateslist.obj
c:\users\flag0\desktop\project-exchangerate\debug\cpicturebox.obj
c:\users\flag0\desktop\project-exchangerate\debug\cbox.obj
g:\project\priorcourse\pcourse\debug\project-exchangerate.exe
g:\project\priorcourse\pcourse\debug\project-exchangerate.pdb
c:\users\flag0\desktop\project-exchangerate\debug\project-exchangerate.exe
c:\users\flag0\desktop\project-exchangerate\debug\project-exchangerate.pdb
c:\users\flag0\desktop\project-exchangerate\debug\myfun.obj
c:\users\flag0\desktop\project-exchangerate\debug\project-.b6f1fc7d.tlog\cl.command.1.tlog
c:\users\flag0\desktop\project-exchangerate\debug\project-.b6f1fc7d.tlog\cl.read.1.tlog
c:\users\flag0\desktop\project-exchangerate\debug\project-.b6f1fc7d.tlog\cl.write.1.tlog
c:\users\flag0\desktop\project-exchangerate\debug\project-.b6f1fc7d.tlog\link.command.1.tlog
c:\users\flag0\desktop\project-exchangerate\debug\project-.b6f1fc7d.tlog\link.read.1.tlog
c:\users\flag0\desktop\project-exchangerate\debug\project-.b6f1fc7d.tlog\link.write.1.tlog
